[main 64ddbd2] Daily commit: ven. 03 oct. 2025 04:20:01 WAT
 2 files changed, 1 insertion(+)
 create mode 100644 auto_commit.log
To https://github.com/RZeroDev/first-project.git
   b28abf7..64ddbd2  main -> main
  % Total    % Received % Xferd  Average Speed   Time    Time     Time  Current
                                 Dload  Upload   Total   Spent    Left  Speed

  0     0    0     0    0     0      0      0 --:--:-- --:--:-- --:--:--     0
100    97    0     0  100    97      0    155 --:--:-- --:--:-- --:--:--   155
100    97    0     0  100    97      0    155 --:--:-- --:--:-- --:--:--   155
Ajouté une ligne à index.html
Ajouté une ligne à style.css fghfgh
Ajouté une ligne à script.js
Ajouté une ligne à app.ts
Ajouté une ligne à index.php
[main b7aba92] Auto commit: ven. 03 oct. 2025 04:30:01 WAT
 5 files changed, 5 insertions(+)
To https://github.com/RZeroDev/first-project.git
 ! [rejected]        main -> main (fetch first)
error: impossible de pousser des références vers 'https://github.com/RZeroDev/first-project.git'
hint: Updates were rejected because the remote contains work that you do not
hint: have locally. This is usually caused by another repository pushing to
hint: the same ref. If you want to integrate the remote changes, use
hint: 'git pull' before pushing again.
hint: See the 'Note about fast-forwards' in 'git push --help' for details.
  % Total    % Received % Xferd  Average Speed   Time    Time     Time  Current
                                 Dload  Upload   Total   Spent    Left  Speed

  0     0    0     0    0     0      0      0 --:--:-- --:--:-- --:--:--     0
100   141    0     0  100   141      0    184 --:--:-- --:--:-- --:--:--   184
